#
# A fatal error has been detected by the Java Runtime Environment:
#
#  EXCEPTION_ACCESS_VIOLATION (0xc0000005) at pc=0x000000006a148ad5, pid=37212, tid=35132
#
# JRE version: Java(TM) SE Runtime Environment (8.0_73-b02) (build 1.8.0_73-b02)
# Java VM: Java HotSpot(TM) 64-Bit Server VM (25.73-b02 mixed mode windows-amd64 compressed oops)
# Problematic frame:
# V  [jvm.dll+0x128ad5]
#
# Failed to write core dump. Minidumps are not enabled by default on client versions of Windows
#
# If you would like to submit a bug report, please visit:
#   http://bugreport.java.com/bugreport/crash.jsp
#

---------------  T H R E A D  ---------------

Current thread (0x000000001dc09800):  JavaThread "JDWP Transport Listener: dt_socket" daemon [_thread_in_vm, id=35132, stack(0x000000001f5b0000,0x000000001f6b0000)]

siginfo: ExceptionCode=0xc0000005, reading address 0xffffffffffffffff

Registers:
RAX=0x000000001f6af201, RBX=0x000000001dc09800, RCX=0x3b6e69616d6f4400, RDX=0x0000000000000000
RSP=0x000000001f6af1b0, RBP=0x3b6e69616d6f4400, RSI=0x000000001f6af2c8, RDI=0x00000000025ee310
R8 =0x000000001dc09800, R9 =0x0000000000000001, R10=0x0000000000008000, R11=0x000000001f6af100
R12=0x0000000000000000, R13=0x000000001dc020c8, R14=0x0000000000000000, R15=0x0000000000000000
RIP=0x000000006a148ad5, EFLAGS=0x0000000000010206

Top of Stack: (sp=0x000000001f6af1b0)
0x000000001f6af1b0:   000000001dc09800 000000001dc09800
0x000000001f6af1c0:   000000001f6af278 000000006a34e34b
0x000000001f6af1d0:   000000001dc09800 000000006a36abad
0x000000001f6af1e0:   0000000000000000 0000000069fb9155
0x000000001f6af1f0:   0000000024749850 0000000069fc291e
0x000000001f6af200:   000000001dc09800 0000000000000000
0x000000001f6af210:   0000000000000000 0000000000000000
0x000000001f6af220:   3b6e69616d6f4400 0000000069fc1a15
0x000000001f6af230:   000000001f6af2c8 000000001f6af2a0
0x000000001f6af240:   0000000000000001 0000000024749850
0x000000001f6af250:   3b6e69616d6f4400 0000000069fa53b3
0x000000001f6af260:   000000001f6af390 0000000000000001
0x000000001f6af270:   0000000000000001 0000000024749850
0x000000001f6af280:   00000000f000100a 0000000000000000
0x000000001f6af290:   0000000000000000 0000000000000000
0x000000001f6af2a0:   0000000000000001 0000000069fa5571 

Instructions: (pc=0x000000006a148ad5)
0x000000006a148ab5:   cc cc cc cc cc cc cc cc cc cc cc 48 83 ec 28 48
0x000000006a148ac5:   85 c9 75 07 33 c0 48 83 c4 28 c3 48 89 5c 24 20
0x000000006a148ad5:   48 8b 19 48 85 db 74 20 48 83 fb 37 74 1a 48 8b
0x000000006a148ae5:   13 48 8b cb ff 52 10 84 c0 74 0d 48 8b c3 48 8b 


Register to memory mapping:

RAX=0x000000001f6af201 is pointing into the stack for thread: 0x000000001dc09800
RBX=0x000000001dc09800 is a thread
RCX=0x3b6e69616d6f4400 is an unknown value
RDX=0x0000000000000000 is an unknown value
RSP=0x000000001f6af1b0 is pointing into the stack for thread: 0x000000001dc09800
RBP=0x3b6e69616d6f4400 is an unknown value
RSI=0x000000001f6af2c8 is pointing into the stack for thread: 0x000000001dc09800
RDI=0x00000000025ee310 is an unknown value
R8 =0x000000001dc09800 is a thread
R9 =0x0000000000000001 is an unknown value
R10=0x0000000000008000 is an unknown value
R11=0x000000001f6af100 is pointing into the stack for thread: 0x000000001dc09800
R12=0x0000000000000000 is an unknown value
R13=0x000000001dc020c8 is an unknown value
R14=0x0000000000000000 is an unknown value
R15=0x0000000000000000 is an unknown value


Stack: [0x000000001f5b0000,0x000000001f6b0000],  sp=0x000000001f6af1b0,  free space=1020k
Native frames: (J=compiled Java code, j=interpreted, Vv=VM code, C=native code)
V  [jvm.dll+0x128ad5]
V  [jvm.dll+0x34abad]
C  [jdwp.dll+0x21a15]
C  [jdwp.dll+0x53b3]
C  [jdwp.dll+0x5571]
C  [jdwp.dll+0xf0a8]
C  [jdwp.dll+0x1f2d5]
C  [jdwp.dll+0x1f4aa]
V  [jvm.dll+0x1bbb58]
V  [jvm.dll+0x243234]
V  [jvm.dll+0x29a10a]
C  [msvcr100.dll+0x21d9f]
C  [msvcr100.dll+0x21e3b]
C  [KERNEL32.DLL+0x17bd4]
C  [ntdll.dll+0x6ced1]


---------------  P R O C E S S  ---------------

Java Threads: ( => current thread )
  0x000000002457c800 JavaThread "RMI TCP Connection(idle)" daemon [_thread_blocked, id=10480, stack(0x0000000000b50000,0x0000000000c50000)]
  0x0000000024577800 JavaThread "http-nio-9077-Acceptor" daemon [_thread_in_native, id=7712, stack(0x00000000266c0000,0x00000000267c0000)]
  0x000000002457a800 JavaThread "http-nio-9077-ClientPoller" daemon [_thread_in_native, id=38440, stack(0x00000000265c0000,0x00000000266c0000)]
  0x000000002457d800 JavaThread "http-nio-9077-exec-10" daemon [_thread_blocked, id=43376, stack(0x00000000264c0000,0x00000000265c0000)]
  0x0000000024576800 JavaThread "http-nio-9077-exec-9" daemon [_thread_blocked, id=42764, stack(0x00000000263c0000,0x00000000264c0000)]
  0x000000002456f000 JavaThread "http-nio-9077-exec-8" daemon [_thread_blocked, id=36476, stack(0x00000000262c0000,0x00000000263c0000)]
  0x0000000024576000 JavaThread "http-nio-9077-exec-7" daemon [_thread_blocked, id=34320, stack(0x00000000261c0000,0x00000000262c0000)]
  0x000000002456e800 JavaThread "http-nio-9077-exec-6" daemon [_thread_blocked, id=42616, stack(0x00000000260c0000,0x00000000261c0000)]
  0x0000000024575000 JavaThread "http-nio-9077-exec-5" daemon [_thread_blocked, id=12020, stack(0x0000000025fc0000,0x00000000260c0000)]
  0x0000000024573800 JavaThread "http-nio-9077-exec-4" daemon [_thread_blocked, id=3756, stack(0x0000000025ec0000,0x0000000025fc0000)]
  0x0000000024574800 JavaThread "http-nio-9077-exec-3" daemon [_thread_blocked, id=18564, stack(0x0000000025cc0000,0x0000000025dc0000)]
  0x0000000024573000 JavaThread "http-nio-9077-exec-2" daemon [_thread_blocked, id=42584, stack(0x0000000025bc0000,0x0000000025cc0000)]
  0x0000000024570800 JavaThread "http-nio-9077-exec-1" daemon [_thread_blocked, id=4204, stack(0x00000000258c0000,0x00000000259c0000)]
  0x0000000024572000 JavaThread "http-nio-9077-BlockPoller" daemon [_thread_in_native, id=33136, stack(0x00000000257c0000,0x00000000258c0000)]
  0x0000000024571800 JavaThread "File Watcher" daemon [_thread_blocked, id=17524, stack(0x00000000250c0000,0x00000000251c0000)]
  0x0000000021fac000 JavaThread "HikariPool-8 housekeeper" daemon [_thread_blocked, id=8144, stack(0x00000000235f0000,0x00000000236f0000)]
  0x0000000021faf800 JavaThread "HikariPool-7 housekeeper" daemon [_thread_blocked, id=39820, stack(0x0000000021220000,0x0000000021320000)]
  0x0000000021faf000 JavaThread "container-0" [_thread_blocked, id=39148, stack(0x0000000021120000,0x0000000021220000)]
  0x0000000021fab000 JavaThread "Catalina-utility-2" [_thread_blocked, id=32216, stack(0x0000000021020000,0x0000000021120000)]
  0x0000000021fac800 JavaThread "Catalina-utility-1" [_thread_blocked, id=19944, stack(0x0000000020e20000,0x0000000020f20000)]
  0x0000000024579800 JavaThread "DestroyJavaVM" [_thread_blocked, id=6268, stack(0x0000000002770000,0x0000000002870000)]
  0x0000000021fad800 JavaThread "Live Reload Server" daemon [_thread_in_native, id=27224, stack(0x0000000025dc0000,0x0000000025ec0000)]
  0x0000000020338800 JavaThread "JMX server connection timeout 24" daemon [_thread_blocked, id=39508, stack(0x0000000021320000,0x0000000021420000)]
  0x000000002034c800 JavaThread "RMI Scheduler(0)" daemon [_thread_blocked, id=36172, stack(0x0000000020f20000,0x0000000021020000)]
  0x0000000020027000 JavaThread "RMI TCP Accept-0" daemon [_thread_in_native, id=39008, stack(0x00000000207b0000,0x00000000208b0000)]
  0x000000002001e800 JavaThread "RMI TCP Accept-52094" daemon [_thread_in_native, id=42884, stack(0x00000000206b0000,0x00000000207b0000)]
  0x000000002000a800 JavaThread "RMI TCP Accept-0" daemon [_thread_in_native, id=11492, stack(0x00000000205b0000,0x00000000206b0000)]
  0x000000001dcba000 JavaThread "Service Thread" daemon [_thread_blocked, id=14756, stack(0x000000001fcb0000,0x000000001fdb0000)]
  0x000000001dc2f800 JavaThread "C1 CompilerThread3" daemon [_thread_blocked, id=42068, stack(0x000000001fbb0000,0x000000001fcb0000)]
  0x000000001dc2c000 JavaThread "C2 CompilerThread2" daemon [_thread_blocked, id=12464, stack(0x000000001fab0000,0x000000001fbb0000)]
  0x000000001dc2b000 JavaThread "C2 CompilerThread1" daemon [_thread_blocked, id=33780, stack(0x000000001f9b0000,0x000000001fab0000)]
  0x000000001dc1b800 JavaThread "C2 CompilerThread0" daemon [_thread_blocked, id=37816, stack(0x000000001f8b0000,0x000000001f9b0000)]
  0x000000001dc11000 JavaThread "JDWP Command Reader" daemon [_thread_in_native, id=36548, stack(0x000000001f7b0000,0x000000001f8b0000)]
  0x000000001dc0c000 JavaThread "JDWP Event Helper Thread" daemon [_thread_blocked, id=42672, stack(0x000000001f6b0000,0x000000001f7b0000)]
=>0x000000001dc09800 JavaThread "JDWP Transport Listener: dt_socket" daemon [_thread_in_vm, id=35132, stack(0x000000001f5b0000,0x000000001f6b0000)]
  0x000000001dbf4800 JavaThread "Attach Listener" daemon [_thread_blocked, id=41396, stack(0x000000001f170000,0x000000001f270000)]
  0x000000001c4fe800 JavaThread "Signal Dispatcher" daemon [_thread_blocked, id=24024, stack(0x000000001f070000,0x000000001f170000)]
  0x000000000296a800 JavaThread "Finalizer" daemon [_thread_blocked, id=14084, stack(0x000000001ee50000,0x000000001ef50000)]
  0x000000001c4ec000 JavaThread "Reference Handler" daemon [_thread_blocked, id=43824, stack(0x000000001ed50000,0x000000001ee50000)]

Other Threads:
  0x000000001dbc2800 VMThread [stack: 0x000000001ec50000,0x000000001ed50000] [id=31748]
  0x000000002002d800 WatcherThread [stack: 0x00000000208b0000,0x00000000209b0000] [id=7288]

VM state:not at safepoint (normal execution)

VM Mutex/Monitor currently owned by a thread: None

Heap:
 PSYoungGen      total 382464K, used 340539K [0x000000076b980000, 0x0000000788b00000, 0x00000007c0000000)
  eden space 378368K, 90% used [0x000000076b980000,0x000000078060ef68,0x0000000782b00000)
  from space 4096K, 0% used [0x0000000786b80000,0x0000000786b80000,0x0000000786f80000)
  to   space 17920K, 0% used [0x0000000787980000,0x0000000787980000,0x0000000788b00000)
 ParOldGen       total 118272K, used 17602K [0x00000006c2c00000, 0x00000006c9f80000, 0x000000076b980000)
  object space 118272K, 14% used [0x00000006c2c00000,0x00000006c3d30aa8,0x00000006c9f80000)
 Metaspace       used 54931K, capacity 57706K, committed 58024K, reserved 1099776K
  class space    used 7458K, capacity 7997K, committed 8104K, reserved 1048576K

Card table byte_map: [0x0000000011d30000,0x0000000012520000] byte_map_base: 0x000000000e71a000

Marking Bits: (ParMarkBitMap*) 0x000000006a830600
 Begin Bits: [0x0000000013470000, 0x00000000173c0000)
 End Bits:   [0x00000000173c0000, 0x000000001b310000)

Polling page: 0x00000000008d0000

CodeCache: size=245760Kb used=12297Kb max_used=12297Kb free=233463Kb
 bounds [0x0000000002970000, 0x0000000003580000, 0x0000000011970000]
 total_blobs=6644 nmethods=6088 adapters=475
 compilation: enabled

Compilation events (10 events):
Event: 814.925 Thread 0x000000001dc2f800 6161       1       java.rmi.server.RMIClassLoader$2::loadClass (7 bytes)
Event: 814.926 Thread 0x000000001dc2f800 nmethod 6161 0x000000000356f650 code [0x000000000356f7a0, 0x000000000356f8e8]
Event: 814.926 Thread 0x000000001dc2f800 6162  s    1       sun.rmi.server.LoaderHandler::getDefaultCodebaseURLs (35 bytes)
Event: 814.926 Thread 0x000000001dc2f800 nmethod 6162 0x000000000356f950 code [0x000000000356fac0, 0x000000000356fe68]
Event: 814.926 Thread 0x000000001dc2f800 6163   !   1       sun.rmi.server.LoaderHandler::loadClass (530 bytes)
Event: 814.931 Thread 0x000000001dc2f800 nmethod 6163 0x000000000356ff10 code [0x0000000003570560, 0x0000000003572888]
Event: 814.931 Thread 0x000000001dc2f800 6164       1       sun.rmi.server.LoaderHandler::getRMIContextClassLoader (7 bytes)
Event: 814.932 Thread 0x000000001dc2f800 nmethod 6164 0x0000000003575610 code [0x00000000035757a0, 0x0000000003575a58]
Event: 883.611 Thread 0x000000001dc2f800 6165       1       org.apache.catalina.core.StandardWrapper::backgroundProcess (38 bytes)
Event: 883.612 Thread 0x000000001dc2f800 nmethod 6165 0x0000000003575cd0 code [0x0000000003575e40, 0x0000000003576078]

GC Heap History (10 events):
Event: 335.996 GC heap before
{Heap before GC invocations=12 (full 3):
 PSYoungGen      total 385536K, used 7123K [0x000000076b980000, 0x0000000789b80000, 0x00000007c0000000)
  eden space 378368K, 0% used [0x000000076b980000,0x000000076b980000,0x0000000782b00000)
  from space 7168K, 99% used [0x0000000788380000,0x0000000788a74cd0,0x0000000788a80000)
  to   space 17408K, 0% used [0x0000000788a80000,0x0000000788a80000,0x0000000789b80000)
 ParOldGen       total 118272K, used 25738K [0x00000006c2c00000, 0x00000006c9f80000, 0x000000076b980000)
  object space 118272K, 21% used [0x00000006c2c00000,0x00000006c4522b08,0x00000006c9f80000)
 Metaspace       used 53939K, capacity 56332K, committed 56488K, reserved 1097728K
  class space    used 7310K, capacity 7752K, committed 7848K, reserved 1048576K
Event: 336.094 GC heap after
Heap after GC invocations=12 (full 3):
 PSYoungGen      total 385536K, used 0K [0x000000076b980000, 0x0000000789b80000, 0x00000007c0000000)
  eden space 378368K, 0% used [0x000000076b980000,0x000000076b980000,0x0000000782b00000)
  from space 7168K, 0% used [0x0000000788380000,0x0000000788380000,0x0000000788a80000)
  to   space 17408K, 0% used [0x0000000788a80000,0x0000000788a80000,0x0000000789b80000)
 ParOldGen       total 118272K, used 16171K [0x00000006c2c00000, 0x00000006c9f80000, 0x000000076b980000)
  object space 118272K, 13% used [0x00000006c2c00000,0x00000006c3bcaf40,0x00000006c9f80000)
 Metaspace       used 53926K, capacity 56302K, committed 56488K, reserved 1097728K
  class space    used 7307K, capacity 7747K, committed 7848K, reserved 1048576K
}
Event: 582.717 GC heap before
{Heap before GC invocations=13 (full 3):
 PSYoungGen      total 385536K, used 341732K [0x000000076b980000, 0x0000000789b80000, 0x00000007c0000000)
  eden space 378368K, 90% used [0x000000076b980000,0x0000000780739148,0x0000000782b00000)
  from space 7168K, 0% used [0x0000000788380000,0x0000000788380000,0x0000000788a80000)
  to   space 17408K, 0% used [0x0000000788a80000,0x0000000788a80000,0x0000000789b80000)
 ParOldGen       total 118272K, used 16171K [0x00000006c2c00000, 0x00000006c9f80000, 0x000000076b980000)
  object space 118272K, 13% used [0x00000006c2c00000,0x00000006c3bcaf40,0x00000006c9f80000)
 Metaspace       used 54279K, capacity 56790K, committed 57000K, reserved 1097728K
  class space    used 7367K, capacity 7844K, committed 7848K, reserved 1048576K
Event: 582.720 GC heap after
Heap after GC invocations=13 (full 3):
 PSYoungGen      total 382464K, used 3949K [0x000000076b980000, 0x0000000788e80000, 0x00000007c0000000)
  eden space 378368K, 0% used [0x000000076b980000,0x000000076b980000,0x0000000782b00000)
  from space 4096K, 96% used [0x0000000788a80000,0x0000000788e5b7c0,0x0000000788e80000)
  to   space 17920K, 0% used [0x0000000786b80000,0x0000000786b80000,0x0000000787d00000)
 ParOldGen       total 118272K, used 16179K [0x00000006c2c00000, 0x00000006c9f80000, 0x000000076b980000)
  object space 118272K, 13% used [0x00000006c2c00000,0x00000006c3bccf40,0x00000006c9f80000)
 Metaspace       used 54279K, capacity 56790K, committed 57000K, reserved 1097728K
  class space    used 7367K, capacity 7844K, committed 7848K, reserved 1048576K
}
Event: 582.720 GC heap before
{Heap before GC invocations=14 (full 4):
 PSYoungGen      total 382464K, used 3949K [0x000000076b980000, 0x0000000788e80000, 0x00000007c0000000)
  eden space 378368K, 0% used [0x000000076b980000,0x000000076b980000,0x0000000782b00000)
  from space 4096K, 96% used [0x0000000788a80000,0x0000000788e5b7c0,0x0000000788e80000)
  to   space 17920K, 0% used [0x0000000786b80000,0x0000000786b80000,0x0000000787d00000)
 ParOldGen       total 118272K, used 16179K [0x00000006c2c00000, 0x00000006c9f80000, 0x000000076b980000)
  object space 118272K, 13% used [0x00000006c2c00000,0x00000006c3bccf40,0x00000006c9f80000)
 Metaspace       used 54279K, capacity 56790K, committed 57000K, reserved 1097728K
  class space    used 7367K, capacity 7844K, committed 7848K, reserved 1048576K
Event: 582.812 GC heap after
Heap after GC invocations=14 (full 4):
 PSYoungGen      total 382464K, used 0K [0x000000076b980000, 0x0000000788e80000, 0x00000007c0000000)
  eden space 378368K, 0% used [0x000000076b980000,0x000000076b980000,0x0000000782b00000)
  from space 4096K, 0% used [0x0000000788a80000,0x0000000788a80000,0x0000000788e80000)
  to   space 17920K, 0% used [0x0000000786b80000,0x0000000786b80000,0x0000000787d00000)
 ParOldGen       total 118272K, used 17387K [0x00000006c2c00000, 0x00000006c9f80000, 0x000000076b980000)
  object space 118272K, 14% used [0x00000006c2c00000,0x00000006c3cfaf98,0x00000006c9f80000)
 Metaspace       used 54273K, capacity 56778K, committed 57000K, reserved 1097728K
  class space    used 7366K, capacity 7841K, committed 7848K, reserved 1048576K
}
Event: 813.160 GC heap before
{Heap before GC invocations=15 (full 4):
 PSYoungGen      total 382464K, used 351261K [0x000000076b980000, 0x0000000788e80000, 0x00000007c0000000)
  eden space 378368K, 92% used [0x000000076b980000,0x0000000781087548,0x0000000782b00000)
  from space 4096K, 0% used [0x0000000788a80000,0x0000000788a80000,0x0000000788e80000)
  to   space 17920K, 0% used [0x0000000786b80000,0x0000000786b80000,0x0000000787d00000)
 ParOldGen       total 118272K, used 17387K [0x00000006c2c00000, 0x00000006c9f80000, 0x000000076b980000)
  object space 118272K, 14% used [0x00000006c2c00000,0x00000006c3cfaf98,0x00000006c9f80000)
 Metaspace       used 54597K, capacity 57278K, committed 57384K, reserved 1099776K
  class space    used 7419K, capacity 7928K, committed 7976K, reserved 1048576K
Event: 813.164 GC heap after
Heap after GC invocations=15 (full 4):
 PSYoungGen      total 382464K, used 3839K [0x000000076b980000, 0x0000000788b00000, 0x00000007c0000000)
  eden space 378368K, 0% used [0x000000076b980000,0x000000076b980000,0x0000000782b00000)
  from space 4096K, 93% used [0x0000000786b80000,0x0000000786f3fec8,0x0000000786f80000)
  to   space 17920K, 0% used [0x0000000787980000,0x0000000787980000,0x0000000788b00000)
 ParOldGen       total 118272K, used 17395K [0x00000006c2c00000, 0x00000006c9f80000, 0x000000076b980000)
  object space 118272K, 14% used [0x00000006c2c00000,0x00000006c3cfcf98,0x00000006c9f80000)
 Metaspace       used 54597K, capacity 57278K, committed 57384K, reserved 1099776K
  class space    used 7419K, capacity 7928K, committed 7976K, reserved 1048576K
}
Event: 813.164 GC heap before
{Heap before GC invocations=16 (full 5):
 PSYoungGen      total 382464K, used 3839K [0x000000076b980000, 0x0000000788b00000, 0x00000007c0000000)
  eden space 378368K, 0% used [0x000000076b980000,0x000000076b980000,0x0000000782b00000)
  from space 4096K, 93% used [0x0000000786b80000,0x0000000786f3fec8,0x0000000786f80000)
  to   space 17920K, 0% used [0x0000000787980000,0x0000000787980000,0x0000000788b00000)
 ParOldGen       total 118272K, used 17395K [0x00000006c2c00000, 0x00000006c9f80000, 0x000000076b980000)
  object space 118272K, 14% used [0x00000006c2c00000,0x00000006c3cfcf98,0x00000006c9f80000)
 Metaspace       used 54597K, capacity 57278K, committed 57384K, reserved 1099776K
  class space    used 7419K, capacity 7928K, committed 7976K, reserved 1048576K
Event: 813.260 GC heap after
Heap after GC invocations=16 (full 5):
 PSYoungGen      total 382464K, used 0K [0x000000076b980000, 0x0000000788b00000, 0x00000007c0000000)
  eden space 378368K, 0% used [0x000000076b980000,0x000000076b980000,0x0000000782b00000)
  from space 4096K, 0% used [0x0000000786b80000,0x0000000786b80000,0x0000000786f80000)
  to   space 17920K, 0% used [0x0000000787980000,0x0000000787980000,0x0000000788b00000)
 ParOldGen       total 118272K, used 17602K [0x00000006c2c00000, 0x00000006c9f80000, 0x000000076b980000)
  object space 118272K, 14% used [0x00000006c2c00000,0x00000006c3d30aa8,0x00000006c9f80000)
 Metaspace       used 54591K, capacity 57266K, committed 57384K, reserved 1099776K
  class space    used 7418K, capacity 7925K, committed 7976K, reserved 1048576K
}

Deoptimization events (0 events):
No events

Internal exceptions (10 events):
Event: 814.034 Thread 0x0000000021faa800 Exception <a 'java/lang/ArrayIndexOutOfBoundsException'> (0x000000077d4c9940) thrown at [D:\re\puppet\workspace\8-2-build-windows-amd64-cygwin\jdk8u73\6086\hotspot\src\share\vm\runtime\sharedRuntime.cpp, line 605]
Event: 814.035 Thread 0x0000000021faa800 Exception <a 'java/lang/ArrayIndexOutOfBoundsException'> (0x000000077d4daeb8) thrown at [D:\re\puppet\workspace\8-2-build-windows-amd64-cygwin\jdk8u73\6086\hotspot\src\share\vm\runtime\sharedRuntime.cpp, line 605]
Event: 814.035 Thread 0x0000000021faa800 Exception <a 'java/lang/ArrayIndexOutOfBoundsException'> (0x000000077d4e2dd0) thrown at [D:\re\puppet\workspace\8-2-build-windows-amd64-cygwin\jdk8u73\6086\hotspot\src\share\vm\runtime\sharedRuntime.cpp, line 605]
Event: 814.037 Thread 0x0000000021faa800 Exception <a 'java/lang/ArrayIndexOutOfBoundsException'> (0x000000077d5279b8) thrown at [D:\re\puppet\workspace\8-2-build-windows-amd64-cygwin\jdk8u73\6086\hotspot\src\share\vm\runtime\sharedRuntime.cpp, line 605]
Event: 814.046 Thread 0x0000000021faa800 Exception <a 'java/lang/ArrayIndexOutOfBoundsException'> (0x000000077d6b0aa0) thrown at [D:\re\puppet\workspace\8-2-build-windows-amd64-cygwin\jdk8u73\6086\hotspot\src\share\vm\runtime\sharedRuntime.cpp, line 605]
Event: 814.047 Thread 0x0000000021faa800 Exception <a 'java/lang/ArrayIndexOutOfBoundsException'> (0x000000077d6c30c8) thrown at [D:\re\puppet\workspace\8-2-build-windows-amd64-cygwin\jdk8u73\6086\hotspot\src\share\vm\runtime\sharedRuntime.cpp, line 605]
Event: 814.047 Thread 0x0000000021faa800 Exception <a 'java/lang/ArrayIndexOutOfBoundsException'> (0x000000077d6c8470) thrown at [D:\re\puppet\workspace\8-2-build-windows-amd64-cygwin\jdk8u73\6086\hotspot\src\share\vm\runtime\sharedRuntime.cpp, line 605]
Event: 814.047 Thread 0x0000000021faa800 Exception <a 'java/lang/ArrayIndexOutOfBoundsException'> (0x000000077d6db768) thrown at [D:\re\puppet\workspace\8-2-build-windows-amd64-cygwin\jdk8u73\6086\hotspot\src\share\vm\runtime\sharedRuntime.cpp, line 605]
Event: 814.047 Thread 0x0000000021faa800 Exception <a 'java/lang/ArrayIndexOutOfBoundsException'> (0x000000077d6e08a0) thrown at [D:\re\puppet\workspace\8-2-build-windows-amd64-cygwin\jdk8u73\6086\hotspot\src\share\vm\runtime\sharedRuntime.cpp, line 605]
Event: 814.047 Thread 0x0000000021faa800 Exception <a 'java/lang/ArrayIndexOutOfBoundsException'> (0x000000077d6e5938) thrown at [D:\re\puppet\workspace\8-2-build-windows-amd64-cygwin\jdk8u73\6086\hotspot\src\share\vm\runtime\sharedRuntime.cpp, line 605]

Events (10 events):
Event: 1016.624 Executing VM operation: ChangeBreakpoints
Event: 1016.626 Executing VM operation: ChangeBreakpoints done
Event: 1016.626 Executing VM operation: ChangeBreakpoints
Event: 1016.628 Executing VM operation: ChangeBreakpoints done
Event: 1016.628 Executing VM operation: ChangeBreakpoints
Event: 1016.628 Executing VM operation: ChangeBreakpoints done
Event: 1016.629 Executing VM operation: ChangeBreakpoints
Event: 1016.629 Executing VM operation: ChangeBreakpoints done
Event: 1019.510 Executing VM operation: RedefineClasses
Event: 1019.571 Executing VM operation: RedefineClasses done


Dynamic libraries:
0x00007ff604c50000 - 0x00007ff604c87000 	D:\sw\java\x64\hotspot-jdk8\bin\javaw.exe
0x00007ff807bc0000 - 0x00007ff807db0000 	C:\Windows\SYSTEM32\ntdll.dll
0x00007ff8064e0000 - 0x00007ff806592000 	C:\Windows\System32\KERNEL32.DLL
0x00007ff804cc0000 - 0x00007ff804f63000 	C:\Windows\System32\KERNELBASE.dll
0x00007ff8063d0000 - 0x00007ff806473000 	C:\Windows\System32\ADVAPI32.dll
0x00007ff8061d0000 - 0x00007ff80626e000 	C:\Windows\System32\msvcrt.dll
0x00007ff8066d0000 - 0x00007ff806767000 	C:\Windows\System32\sechost.dll
0x00007ff806770000 - 0x00007ff806890000 	C:\Windows\System32\RPCRT4.dll
0x00007ff805fc0000 - 0x00007ff806154000 	C:\Windows\System32\USER32.dll
0x00007ff804f70000 - 0x00007ff804f91000 	C:\Windows\System32\win32u.dll
0x00007ff806890000 - 0x00007ff8068b6000 	C:\Windows\System32\GDI32.dll
0x00007ff804b20000 - 0x00007ff804cb4000 	C:\Windows\System32\gdi32full.dll
0x00007ff8059a0000 - 0x00007ff805a3e000 	C:\Windows\System32\msvcp_win.dll
0x00007ff8050f0000 - 0x00007ff8051ea000 	C:\Windows\System32\ucrtbase.dll
0x00007ffff2560000 - 0x00007ffff27e5000 	C:\Windows\WinSxS\amd64_microsoft.windows.common-controls_6595b64144ccf1df_6.0.18362.535_none_e6c3b34713100821\COMCTL32.dll
0x00007ff806ae0000 - 0x00007ff806e16000 	C:\Windows\System32\combase.dll
0x00007ff805070000 - 0x00007ff8050f0000 	C:\Windows\System32\bcryptPrimitives.dll
0x00007ff805de0000 - 0x00007ff805e0e000 	C:\Windows\System32\IMM32.DLL
0x000000006a8b0000 - 0x000000006a982000 	D:\sw\java\x64\hotspot-jdk8\jre\bin\msvcr100.dll
0x000000006a020000 - 0x000000006a8b0000 	D:\sw\java\x64\hotspot-jdk8\jre\bin\server\jvm.dll
0x00007ff8079a0000 - 0x00007ff8079a8000 	C:\Windows\System32\PSAPI.DLL
0x00007ff802b50000 - 0x00007ff802b74000 	C:\Windows\SYSTEM32\WINMM.dll
0x00007fffff9f0000 - 0x00007fffff9fa000 	C:\Windows\SYSTEM32\VERSION.dll
0x00007fffed090000 - 0x00007fffed099000 	C:\Windows\SYSTEM32\WSOCK32.dll
0x00007ff802b20000 - 0x00007ff802b4d000 	C:\Windows\SYSTEM32\winmmbase.dll
0x00007ff806a70000 - 0x00007ff806adf000 	C:\Windows\System32\WS2_32.dll
0x00007ff804fa0000 - 0x00007ff804fea000 	C:\Windows\System32\cfgmgr32.dll
0x000000006a010000 - 0x000000006a01f000 	D:\sw\java\x64\hotspot-jdk8\jre\bin\verify.dll
0x0000000069fe0000 - 0x000000006a009000 	D:\sw\java\x64\hotspot-jdk8\jre\bin\java.dll
0x0000000069fa0000 - 0x0000000069fd5000 	D:\sw\java\x64\hotspot-jdk8\jre\bin\jdwp.dll
0x0000000069f90000 - 0x0000000069f98000 	D:\sw\java\x64\hotspot-jdk8\jre\bin\npt.dll
0x0000000069f70000 - 0x0000000069f86000 	D:\sw\java\x64\hotspot-jdk8\jre\bin\zip.dll
0x00007ff8072b0000 - 0x00007ff807995000 	C:\Windows\System32\SHELL32.dll
0x00007ff8065a0000 - 0x00007ff806649000 	C:\Windows\System32\shcore.dll
0x00007ff8051f0000 - 0x00007ff80596f000 	C:\Windows\System32\windows.storage.dll
0x00007ff804b00000 - 0x00007ff804b1f000 	C:\Windows\System32\profapi.dll
0x00007ff804ab0000 - 0x00007ff804afa000 	C:\Windows\System32\powrprof.dll
0x00007ff804a60000 - 0x00007ff804a70000 	C:\Windows\System32\UMPDC.dll
0x00007ff805ee0000 - 0x00007ff805f32000 	C:\Windows\System32\shlwapi.dll
0x00007ff804a70000 - 0x00007ff804a81000 	C:\Windows\System32\kernel.appcore.dll
0x00007ff804ff0000 - 0x00007ff805007000 	C:\Windows\System32\cryptsp.dll
0x00000000694d0000 - 0x00000000694d9000 	D:\sw\java\x64\hotspot-jdk8\jre\bin\dt_socket.dll
0x00007fffe35c0000 - 0x00007fffe35d6000 	C:\Windows\system32\napinsp.dll
0x00007fffe35a0000 - 0x00007fffe35ba000 	C:\Windows\system32\pnrpnsp.dll
0x00007ff804220000 - 0x00007ff804287000 	C:\Windows\System32\mswsock.dll
0x00007ff803f80000 - 0x00007ff80404a000 	C:\Windows\SYSTEM32\DNSAPI.dll
0x00007ff806e20000 - 0x00007ff806e28000 	C:\Windows\System32\NSI.dll
0x00007ff803f40000 - 0x00007ff803f7a000 	C:\Windows\SYSTEM32\IPHLPAPI.DLL
0x00007fffe3590000 - 0x00007fffe359e000 	C:\Windows\System32\winrnr.dll
0x00007ff8013d0000 - 0x00007ff8013ec000 	C:\Windows\system32\NLAapi.dll
0x00007fffe3570000 - 0x00007fffe3585000 	C:\Windows\system32\wshbth.dll
0x00007ff800ac0000 - 0x00007ff800b37000 	C:\Windows\System32\fwpuclnt.dll
0x00007ff805970000 - 0x00007ff805996000 	C:\Windows\System32\bcrypt.dll
0x00007ffffa570000 - 0x00007ffffa57a000 	C:\Windows\System32\rasadhlp.dll
0x00000000694c0000 - 0x00000000694cd000 	D:\sw\java\x64\hotspot-jdk8\jre\bin\management.dll
0x00000000694a0000 - 0x00000000694ba000 	D:\sw\java\x64\hotspot-jdk8\jre\bin\net.dll
0x0000000069480000 - 0x0000000069491000 	D:\sw\java\x64\hotspot-jdk8\jre\bin\nio.dll
0x00007ff803da0000 - 0x00007ff803dd3000 	C:\Windows\system32\rsaenh.dll
0x00007ff804980000 - 0x00007ff8049a5000 	C:\Windows\SYSTEM32\USERENV.dll
0x00007ff804400000 - 0x00007ff80440c000 	C:\Windows\SYSTEM32\CRYPTBASE.dll
0x00007ff800b40000 - 0x00007ff800b56000 	C:\Windows\SYSTEM32\dhcpcsvc6.DLL
0x00007ff800aa0000 - 0x00007ff800abc000 	C:\Windows\SYSTEM32\dhcpcsvc.DLL
0x00007ffff69d0000 - 0x00007ffff6bc4000 	C:\Windows\SYSTEM32\dbghelp.dll

VM Arguments:
jvm_args: -agentlib:jdwp=transport=dt_socket,suspend=y,address=localhost:52095 -Dcom.sun.management.jmxremote -Dcom.sun.management.jmxremote.port=52094 -Dcom.sun.management.jmxremote.authenticate=false -Dcom.sun.management.jmxremote.ssl=false -Djava.rmi.server.hostname=localhost -Dspring.jmx.enabled=true -Dspring.application.admin.enabled=true -Xverify:none -XX:TieredStopAtLevel=1 -Dfile.encoding=UTF-8 
java_command: pe.gob.osce.contratos.soap.ContratosSoapApplication --spring.output.ansi.enabled=always
java_class_path (initial): D:\ws\contratosv3\gitosce\contratos-soap\target\classes;C:\Users\apoyosgfs19\.m2\repository\org\springframework\boot\spring-boot-starter-web-services\2.3.0.RELEASE\spring-boot-starter-web-services-2.3.0.RELEASE.jar;C:\Users\apoyosgfs19\.m2\repository\org\springframework\boot\spring-boot-starter-web\2.3.0.RELEASE\spring-boot-starter-web-2.3.0.RELEASE.jar;C:\Users\apoyosgfs19\.m2\repository\org\springframework\boot\spring-boot-starter-json\2.3.0.RELEASE\spring-boot-starter-json-2.3.0.RELEASE.jar;C:\Users\apoyosgfs19\.m2\repository\com\fasterxml\jackson\core\jackson-databind\2.11.0\jackson-databind-2.11.0.jar;C:\Users\apoyosgfs19\.m2\repository\com\fasterxml\jackson\core\jackson-annotations\2.11.0\jackson-annotations-2.11.0.jar;C:\Users\apoyosgfs19\.m2\repository\com\fasterxml\jackson\core\jackson-core\2.11.0\jackson-core-2.11.0.jar;C:\Users\apoyosgfs19\.m2\repository\com\fasterxml\jackson\datatype\jackson-datatype-jdk8\2.11.0\jackson-datatype-jdk8-2.11.0.jar;C:\Users\apoyosgfs19\.m2\repository\com\fasterxml\jackson\datatype\jackson-datatype-jsr310\2.11.0\jackson-datatype-jsr310-2.11.0.jar;C:\Users\apoyosgfs19\.m2\repository\com\fasterxml\jackson\module\jackson-module-parameter-names\2.11.0\jackson-module-parameter-names-2.11.0.jar;C:\Users\apoyosgfs19\.m2\repository\org\springframework\boot\spring-boot-starter-tomcat\2.3.0.RELEASE\spring-boot-starter-tomcat-2.3.0.RELEASE.jar;C:\Users\apoyosgfs19\.m2\repository\org\apache\tomcat\embed\tomcat-embed-core\9.0.35\tomcat-embed-core-9.0.35.jar;C:\Users\apoyosgfs19\.m2\repository\org\glassfish\jakarta.el\3.0.3\jakarta.el-3.0.3.jar;C:\Users\apoyosgfs19\.m2\repository\org\apache\tomcat\embed\tomcat-embed-websocket\9.0.35\tomcat-embed-websocket-9.0.35.jar;C:\Users\apoyosgfs19\.m2\repository\org\springframework\spring-web\5.2.6.RELEASE\spring-web-5.2.6.RELEASE.jar;C:\Users\apoyosgfs19\.m2\repository\org\springframework\spring-webmvc\5.2.6.RELEASE\spring-webmvc-5.2.6.RELEASE.jar;C:\Users\apoyosgfs19\.m
Launcher Type: SUN_STANDARD

Environment Variables:
JAVA_HOME=D:\sw\java\x64\hotspot-jdk8
PATH=D:\sw\java\x64\hotspot-jdk8\jre\bin;C:/Program Files/Java/jre1.8.0_241/bin/server;C:/Program Files/Java/jre1.8.0_241/bin;C:/Program Files/Java/jre1.8.0_241/lib/amd64;D:\app\oracle\product\12.2.0\dbhome_1\bin;C:\Program Files (x86)\Common Files\Oracle\Java\javapath;C:\Windows\system32;C:\Windows;C:\Windows\System32\Wbem;C:\Windows\System32\WindowsPowerShell\v1.0\;C:\Windows\System32\OpenSSH\;C:\Program Files (x86)\Intel\Intel(R) Management Engine Components\DAL;C:\Program Files\Intel\Intel(R) Management Engine Components\DAL;C:\Users\apoyosgfs19\AppData\Roaming\nvm;C:\Program Files\nodejs;C:\Program Files\Git\cmd;C:\apache-maven-3.6.2\bin;C:\Program Files\PuTTY\;C:\Program Files (x86)\Microsoft SQL Server\150\DTS\Binn\;C:\Program Files\Docker\Docker\resources\bin;C:\ProgramData\DockerDesktop\version-bin;C:\Users\apoyosgfs19\AppData\Local\Microsoft\WindowsApps;C:\Users\apoyosgfs19\AppData\Local\Programs\Microsoft VS Code\bin;C:\Users\apoyosgfs19\AppData\Roaming\nvm;C:\Program Files\nodejs;D:\sw\ide\sts-4.4.0.RELEASE;
USERNAME=apoyosgfs19
OS=Windows_NT
PROCESSOR_IDENTIFIER=Intel64 Family 6 Model 158 Stepping 10, GenuineIntel



---------------  S Y S T E M  ---------------

OS: Windows 10.0 , 64 bit Build 18362 (10.0.18362.329)

CPU:total 12 (6 cores per cpu, 2 threads per core) family 6 model 158 stepping 10, cmov, cx8, fxsr, mmx, sse, sse2, sse3, ssse3, sse4.1, sse4.2, popcnt, avx, avx2, aes, clmul, erms, rtm, 3dnowpref, lzcnt, ht, tsc, tscinvbit, bmi1, bmi2, adx

Memory: 4k page, physical 16596392k(5334976k free), swap 38616488k(15268448k free)

vm_info: Java HotSpot(TM) 64-Bit Server VM (25.73-b02) for windows-amd64 JRE (1.8.0_73-b02), built on Jan 29 2016 17:38:49 by "java_re" with MS VC++ 10.0 (VS2010)

time: Wed May 27 16:37:30 2020
elapsed time: 1019 seconds (0d 0h 16m 59s)

